2019-03-29 15:00:00;cooked;20;
2019-03-29 15:00:00;cellar;21
2019-03-29 15:00:00;utility room;20.5
2019-03-29 15:00:00;living room;23
2019-03-29 15:00:00;room 1;20
2019-03-29 15:00:00;room 2;20
2019-03-29 15:10:00;cooked;20;
2019-03-29 15:10:00;cellar;21
2019-03-29 15:10:00;utility room;20.5
2019-03-29 15:10:00;living room;23
2019-03-29 15:10:00;room 1;20
2019-03-29 15:10:00;room 2;20
2019-03-29 15:20:00;cooked;20;
2019-03-29 15:20:00;cellar;21
2019-03-29 15:20:00;utility room;20.5
2019-03-29 15:20:00;living room;23
2019-03-29 15:20:00;room 1;20
2019-03-29 15:20:00;room 2;20
2019-03-29 15:30:00;cooked;20;
2019-03-29 15:30:00;cellar;21
2019-03-29 15:30:00;utility room;20.5
2019-03-29 15:30:00;living room;23
2019-03-29 15:30:00;room 1;20
2019-03-29 15:30:00;room 2;20
2019-03-29 15:40:00;cooked;20;
2019-03-29 15:40:00;cellar;21
2019-03-29 15:40:00;utility room;20.5
2019-03-29 15:40:00;living room;23
2019-03-29 15:40:00;room 1;20
2019-03-29 15:40:00;room 2;20
2019-03-29 15:50:00;cooked;20;
2019-03-29 15:50:00;cellar;21
2019-03-29 15:50:00;utility room;20.5
2019-03-29 15:50:00;living room;23
2019-03-29 15:50:00;room 1;20
2019-03-29 15:50:00;room 2;20
2019-03-29 16:00:00;cooked;20;
2019-03-29 16:00:00;cellar;21
2019-03-29 16:00:00;utility room;20.5
2019-03-29 16:00:00;living room;23
2019-03-29 16:00:00;room 1;20
2019-03-29 16:00:00;room 2;20
2019-03-29 16:10:00;cooked;20;
2019-03-29 16:10:00;cellar;21
2019-03-29 16:10:00;utility room;20.5
2019-03-29 16:10:00;living room;23
2019-03-29 16:10:00;room 1;20
2019-03-29 16:10:00;room 2;20
2019-03-29 16:20:00;cooked;20;
2019-03-29 16:20:00;cellar;21
2019-03-29 16:20:00;utility room;20.5
2019-03-29 16:20:00;living room;23
2019-03-29 16:20:00;room 1;20
2019-03-29 16:20:00;room 2;20
2019-03-29 16:30:00;cooked;20;
2019-03-29 16:30:00;cellar;21
2019-03-29 16:30:00;utility room;20.5
2019-03-29 16:30:00;living room;23
2019-03-29 16:30:00;room 1;20
2019-03-29 16:30:00;room 2;20
2019-03-29 16:40:00;cooked;20;
2019-03-29 16:40:00;cellar;21
2019-03-29 16:40:00;utility room;20.5
2019-03-29 16:40:00;living room;23
2019-03-29 16:40:00;room 1;20
2019-03-29 16:40:00;room 2;20
2019-03-29 16:50:00;cooked;20;
2019-03-29 16:50:00;cellar;21
2019-03-29 16:50:00;utility room;20.5
2019-03-29 16:50:00;living room;23
2019-03-29 16:50:00;room 1;20
2019-03-29 16:50:00;room 2;20
2019-03-29 17:00:00;cooked;20;
2019-03-29 17:00:00;cellar;21
2019-03-29 17:00:00;utility room;20.5
2019-03-29 17:00:00;living room;23
2019-03-29 17:00:00;room 1;20
2019-03-29 17:00:00;room 2;20
2019-03-29 17:10:00;cooked;20;
2019-03-29 17:10:00;cellar;21
2019-03-29 17:10:00;utility room;20.5
2019-03-29 17:10:00;living room;23
2019-03-29 17:10:00;room 1;20
2019-03-29 17:10:00;room 2;20
2019-03-29 17:20:00;cooked;20;
2019-03-29 17:20:00;cellar;21
2019-03-29 17:20:00;utility room;20.5
2019-03-29 17:20:00;living room;23
2019-03-29 17:20:00;room 1;20
2019-03-29 17:20:00;room 2;20
2019-03-29 17:30:00;cooked;20;
2019-03-29 17:30:00;cellar;21
2019-03-29 17:30:00;utility room;20.5
2019-03-29 17:30:00;living room;23
2019-03-29 17:30:00;room 1;20
2019-03-29 17:30:00;room 2;20
2019-03-29 17:40:00;cooked;20;
2019-03-29 17:40:00;cellar;21
2019-03-29 17:40:00;utility room;20.5
2019-03-29 17:40:00;living room;23
2019-03-29 17:40:00;room 1;20
2019-03-29 17:40:00;room 2;20
2019-03-29 17:50:00;cooked;20;
2019-03-29 17:50:00;cellar;21
2019-03-29 17:50:00;utility room;20.5
2019-03-29 17:50:00;living room;23
2019-03-29 17:50:00;room 1;20
2019-03-29 17:50:00;room 2;20
2019-03-29 18:00:00;cooked;20;
2019-03-29 18:00:00;cellar;21
2019-03-29 18:00:00;utility room;20.5
2019-03-29 18:00:00;living room;23
2019-03-29 18:00:00;room 1;20
2019-03-29 18:00:00;room 2;20
2019-03-29 18:10:00;cooked;20;
2019-03-29 18:10:00;cellar;21
2019-03-29 18:10:00;utility room;20.5
2019-03-29 18:10:00;living room;23
2019-03-29 18:10:00;room 1;20
2019-03-29 18:10:00;room 2;20
2019-03-29 18:20:00;cooked;20;
2019-03-29 18:20:00;cellar;21
2019-03-29 18:20:00;utility room;20.5
2019-03-29 18:20:00;living room;23
2019-03-29 18:20:00;room 1;20
2019-03-29 18:20:00;room 2;20
2019-03-29 18:30:00;cooked;20;
2019-03-29 18:30:00;cellar;21
2019-03-29 18:30:00;utility room;20.5
2019-03-29 18:30:00;living room;23
2019-03-29 18:30:00;room 1;20
2019-03-29 18:30:00;room 2;20
2019-03-29 18:40:00;cooked;20;
2019-03-29 18:40:00;cellar;21
2019-03-29 18:40:00;utility room;20.5
2019-03-29 18:40:00;living room;23
2019-03-29 18:40:00;room 1;20
2019-03-29 18:40:00;room 2;20
2019-03-29 18:50:00;cooked;20;
2019-03-29 18:50:00;cellar;21
2019-03-29 18:50:00;utility room;20.5
2019-03-29 18:50:00;living room;23
2019-03-29 18:50:00;room 1;20
2019-03-29 18:50:00;room 2;20
2019-03-29 19:00:00;cooked;20;
2019-03-29 19:00:00;cellar;21
2019-03-29 19:00:00;utility room;20.5
2019-03-29 19:00:00;living room;23
2019-03-29 19:00:00;room 1;20
2019-03-29 19:00:00;room 2;20
2019-03-29 19:10:00;cooked;20;
2019-03-29 19:10:00;cellar;21
2019-03-29 19:10:00;utility room;20.5
2019-03-29 19:10:00;living room;23
2019-03-29 19:10:00;room 1;20
2019-03-29 19:10:00;room 2;20
2019-03-29 19:20:00;cooked;20;
2019-03-29 19:20:00;cellar;21
2019-03-29 19:20:00;utility room;20.5
2019-03-29 19:20:00;living room;23
2019-03-29 19:20:00;room 1;20
2019-03-29 19:20:00;room 2;20
2019-03-29 19:30:00;cooked;20;
2019-03-29 19:30:00;cellar;21
2019-03-29 19:30:00;utility room;20.5
2019-03-29 19:30:00;living room;23
2019-03-29 19:30:00;room 1;20
2019-03-29 19:30:00;room 2;20
2019-03-29 19:40:00;cooked;20;
2019-03-29 19:40:00;cellar;21
2019-03-29 19:40:00;utility room;20.5
2019-03-29 19:40:00;living room;23
2019-03-29 19:40:00;room 1;20
2019-03-29 19:40:00;room 2;20
2019-03-29 19:50:00;cooked;20;
2019-03-29 19:50:00;cellar;21
2019-03-29 19:50:00;utility room;20.5
2019-03-29 19:50:00;living room;23
2019-03-29 19:50:00;room 1;20
2019-03-29 19:50:00;room 2;20
2019-03-29 20:00:00;cooked;20;
2019-03-29 20:00:00;cellar;21
2019-03-29 20:00:00;utility room;20.5
2019-03-29 20:00:00;living room;23
2019-03-29 20:00:00;room 1;20
2019-03-29 20:00:00;room 2;20
2019-03-29 20:10:00;cooked;20;
2019-03-29 20:10:00;cellar;21
2019-03-29 20:10:00;utility room;20.5
2019-03-29 20:10:00;living room;23
2019-03-29 20:10:00;room 1;20
2019-03-29 20:10:00;room 2;20
2019-03-29 20:20:00;cooked;20;
2019-03-29 20:20:00;cellar;21
2019-03-29 20:20:00;utility room;20.5
2019-03-29 20:20:00;living room;23
2019-03-29 20:20:00;room 1;20
2019-03-29 20:20:00;room 2;20
2019-03-29 20:30:00;cooked;20;
2019-03-29 20:30:00;cellar;21
2019-03-29 20:30:00;utility room;20.5
2019-03-29 20:30:00;living room;23
2019-03-29 20:30:00;room 1;20
2019-03-29 20:30:00;room 2;20
2019-03-29 20:40:00;cooked;20;
2019-03-29 20:40:00;cellar;21
2019-03-29 20:40:00;utility room;20.5
2019-03-29 20:40:00;living room;23
2019-03-29 20:40:00;room 1;20
2019-03-29 20:40:00;room 2;20
2019-03-29 20:50:00;cooked;20;
2019-03-29 20:50:00;cellar;21
2019-03-29 20:50:00;utility room;20.5
2019-03-29 20:50:00;living room;23
2019-03-29 20:50:00;room 1;20
2019-03-29 20:50:00;room 2;20
2019-03-29 21:00:00;cooked;20;
2019-03-29 21:00:00;cellar;21
2019-03-29 21:00:00;utility room;20.5
2019-03-29 21:00:00;living room;23
2019-03-29 21:00:00;room 1;20
2019-03-29 21:00:00;room 2;20
2019-03-29 21:10:00;cooked;20;
2019-03-29 21:10:00;cellar;21
2019-03-29 21:10:00;utility room;20.5
2019-03-29 21:10:00;living room;23
2019-03-29 21:10:00;room 1;20
2019-03-29 21:10:00;room 2;20
2019-03-29 21:20:00;cooked;20;
2019-03-29 21:20:00;cellar;21
2019-03-29 21:20:00;utility room;20.5
2019-03-29 21:20:00;living room;23
2019-03-29 21:20:00;room 1;20
2019-03-29 21:20:00;room 2;20
2019-03-29 21:30:00;cooked;20;
2019-03-29 21:30:00;cellar;21
2019-03-29 21:30:00;utility room;20.5
2019-03-29 21:30:00;living room;23
2019-03-29 21:30:00;room 1;20
2019-03-29 21:30:00;room 2;20
2019-03-29 21:40:00;cooked;20;
2019-03-29 21:40:00;cellar;21
2019-03-29 21:40:00;utility room;20.5
2019-03-29 21:40:00;living room;23
2019-03-29 21:40:00;room 1;20
2019-03-29 21:40:00;room 2;20
2019-03-29 21:50:00;cooked;20;
2019-03-29 21:50:00;cellar;21
2019-03-29 21:50:00;utility room;20.5
2019-03-29 21:50:00;living room;23
2019-03-29 21:50:00;room 1;20
2019-03-29 21:50:00;room 2;20
2019-03-29 22:00:00;cooked;20;
2019-03-29 22:00:00;cellar;21
2019-03-29 22:00:00;utility room;20.5
2019-03-29 22:00:00;living room;23
2019-03-29 22:00:00;room 1;20
2019-03-29 22:00:00;room 2;20
2019-03-29 22:10:00;cooked;20;
2019-03-29 22:10:00;cellar;21
2019-03-29 22:10:00;utility room;20.5
2019-03-29 22:10:00;living room;23
2019-03-29 22:10:00;room 1;20
2019-03-29 22:10:00;room 2;20
2019-03-29 22:20:00;cooked;20;
2019-03-29 22:20:00;cellar;21
2019-03-29 22:20:00;utility room;20.5
2019-03-29 22:20:00;living room;23
2019-03-29 22:20:00;room 1;20
2019-03-29 22:20:00;room 2;20
2019-03-29 22:30:00;cooked;20;
2019-03-29 22:30:00;cellar;21
2019-03-29 22:30:00;utility room;20.5
2019-03-29 22:30:00;living room;23
2019-03-29 22:30:00;room 1;20
2019-03-29 22:30:00;room 2;20
2019-03-29 22:40:00;cooked;20;
2019-03-29 22:40:00;cellar;21
2019-03-29 22:40:00;utility room;20.5
2019-03-29 22:40:00;living room;23
2019-03-29 22:40:00;room 1;20
2019-03-29 22:40:00;room 2;20
2019-03-29 22:50:00;cooked;20;
2019-03-29 22:50:00;cellar;21
2019-03-29 22:50:00;utility room;20.5
2019-03-29 22:50:00;living room;23
2019-03-29 22:50:00;room 1;20
2019-03-29 22:50:00;room 2;20
2019-03-29 23:00:00;cooked;20;
2019-03-29 23:00:00;cellar;21
2019-03-29 23:00:00;utility room;20.5
2019-03-29 23:00:00;living room;23
2019-03-29 23:00:00;room 1;20
2019-03-29 23:00:00;room 2;20
2019-03-29 23:10:00;cooked;20;
2019-03-29 23:10:00;cellar;21
2019-03-29 23:10:00;utility room;20.5
2019-03-29 23:10:00;living room;23
2019-03-29 23:10:00;room 1;20
2019-03-29 23:10:00;room 2;20
2019-03-29 23:20:00;cooked;20;
2019-03-29 23:20:00;cellar;21
2019-03-29 23:20:00;utility room;20.5
2019-03-29 23:20:00;living room;23
2019-03-29 23:20:00;room 1;20
2019-03-29 23:20:00;room 2;20
2019-03-29 23:30:00;cooked;20;
2019-03-29 23:30:00;cellar;21
2019-03-29 23:30:00;utility room;20.5
2019-03-29 23:30:00;living room;23
2019-03-29 23:30:00;room 1;20
2019-03-29 23:30:00;room 2;20
2019-03-29 23:40:00;cooked;20;
2019-03-29 23:40:00;cellar;21
2019-03-29 23:40:00;utility room;20.5
2019-03-29 23:40:00;living room;23
2019-03-29 23:40:00;room 1;20
2019-03-29 23:40:00;room 2;20
2019-03-29 23:50:00;cooked;20;
2019-03-29 23:50:00;cellar;21
2019-03-29 23:50:00;utility room;20.5
2019-03-29 23:50:00;living room;23
2019-03-29 23:50:00;room 1;20
2019-03-29 23:50:00;room 2;20
2019-03-30 00:00:00;cooked;20;
2019-03-30 00:00:00;cellar;21
2019-03-30 00:00:00;utility room;20.5
2019-03-30 00:00:00;living room;23
2019-03-30 00:00:00;room 1;20
2019-03-30 00:00:00;room 2;20
2019-03-30 00:10:00;cooked;20;
2019-03-30 00:10:00;cellar;21
2019-03-30 00:10:00;utility room;20.5
2019-03-30 00:10:00;living room;23
2019-03-30 00:10:00;room 1;20
2019-03-30 00:10:00;room 2;20
2019-03-30 00:20:00;cooked;20;
2019-03-30 00:20:00;cellar;21
2019-03-30 00:20:00;utility room;20.5
2019-03-30 00:20:00;living room;23
2019-03-30 00:20:00;room 1;20
2019-03-30 00:20:00;room 2;20
2019-03-30 00:30:00;cooked;20;
2019-03-30 00:30:00;cellar;21
2019-03-30 00:30:00;utility room;20.5
2019-03-30 00:30:00;living room;23
2019-03-30 00:30:00;room 1;20
2019-03-30 00:30:00;room 2;20
2019-03-30 00:40:00;cooked;20;
2019-03-30 00:40:00;cellar;21
2019-03-30 00:40:00;utility room;20.5
2019-03-30 00:40:00;living room;23
2019-03-30 00:40:00;room 1;20
2019-03-30 00:40:00;room 2;20
2019-03-30 00:50:00;cooked;20;
2019-03-30 00:50:00;cellar;21
2019-03-30 00:50:00;utility room;20.5
2019-03-30 00:50:00;living room;23
2019-03-30 00:50:00;room 1;20
2019-03-30 00:50:00;room 2;20